<?xml version="1.0" encoding="UTF-8"?>
<!-- Generated by org.testng.reporters.JUnitReportReporter -->
<testsuite skipped="0" hostname="Shweta-PC" name="Testannotation.framework" tests="3" failures="0" timestamp="02 Aug 2017 19:22:15 GMT" time="23.352" errors="0">
  <testcase name="login" time="8.372" classname="Testannotation.framework"/>
  <testcase name="login" time="7.607" classname="Testannotation.framework"/>
  <testcase name="login" time="7.373" classname="Testannotation.framework"/>
</testsuite> <!-- Testannotation.framework -->
